#
# There is insufficient memory for the Java Runtime Environment to continue.
# Native memory allocation (malloc) failed to allocate 1048576 bytes for AllocateHeap
# Possible reasons:
#   The system is out of physical RAM or swap space
#   In 32 bit mode, the process size limit was hit
# Possible solutions:
#   Reduce memory load on the system
#   Increase physical memory or swap space
#   Check if swap backing store is full
#   Use 64 bit Java on a 64 bit OS
#   Decrease Java heap size (-Xmx/-Xms)
#   Decrease number of Java threads
#   Decrease Java thread stack sizes (-Xss)
#   Set larger code cache with -XX:ReservedCodeCacheSize=
# This output file may be truncated or incomplete.
#
#  Out of Memory Error (memory/allocation.inline.hpp:61), pid=19676, tid=0x0000000000004074
#
# JRE version:  (8.0_191-b12) (build )
# Java VM: Java HotSpot(TM) 64-Bit Server VM (25.191-b12 mixed mode windows-amd64 compressed oops)
# Failed to write core dump. Minidumps are not enabled by default on client versions of Windows
#

---------------  T H R E A D  ---------------

Current thread (0x0000000002e2e000):  JavaThread "Unknown thread" [_thread_in_vm, id=16500, stack(0x0000000002cc0000,0x0000000002dc0000)]

Stack: [0x0000000002cc0000,0x0000000002dc0000]
[error occurred during error reporting (printing stack bounds), id 0xc0000005]

Native frames: (J=compiled Java code, j=interpreted, Vv=VM code, C=native code)


---------------  P R O C E S S  ---------------

Java Threads: ( => current thread )

Other Threads:

=>0x0000000002e2e000 (exited) JavaThread "Unknown thread" [_thread_in_vm, id=16500, stack(0x0000000002cc0000,0x0000000002dc0000)]

VM state:not at safepoint (normal execution)

VM Mutex/Monitor currently owned by a thread: None

Heap:
 PSYoungGen      total 76288K, used 1310K [0x000000076b200000, 0x0000000770700000, 0x00000007c0000000)
  eden space 65536K, 2% used [0x000000076b200000,0x000000076b347af0,0x000000076f200000)
  from space 10752K, 0% used [0x000000076fc80000,0x000000076fc80000,0x0000000770700000)
  to   space 10752K, 0% used [0x000000076f200000,0x000000076f200000,0x000000076fc80000)
 ParOldGen       total 175104K, used 0K [0x00000006c1600000, 0x00000006cc100000, 0x000000076b200000)
  object space 175104K, 0% used [0x00000006c1600000,0x00000006c1600000,0x00000006cc100000)
 Metaspace       used 751K, capacity 4480K, committed 4480K, reserved 1056768K
  class space    used 76K, capacity 384K, committed 384K, reserved 1048576K

Card table byte_map: [0x0000000012320000,0x0000000012b20000] byte_map_base: 0x000000000ed15000

Marking Bits: (ParMarkBitMap*) 0x000000006f653e30
 Begin Bits: [0x0000000013470000, 0x0000000017418000)
 End Bits:   [0x0000000017418000, 0x000000001b3c0000)

Polling page: 0x0000000002dc0000

CodeCache: size=245760Kb used=328Kb max_used=328Kb free=245431Kb
 bounds [0x0000000002f60000, 0x00000000031d0000, 0x0000000011f60000]
 total_blobs=58 nmethods=0 adapters=38
 compilation: enabled

Compilation events (0 events):
No events

GC Heap History (0 events):
No events

Deoptimization events (0 events):
No events

Classes redefined (0 events):
No events

Internal exceptions (0 events):
No events

Events (10 events):
Event: 0.034 loading class java/lang/Short
Event: 0.034 loading class java/lang/Short done
Event: 0.034 loading class java/lang/Integer
Event: 0.034 loading class java/lang/Integer done
Event: 0.034 loading class java/lang/Long
Event: 0.034 loading class java/lang/Long done
Event: 0.035 loading class java/lang/NullPointerException
Event: 0.035 loading class java/lang/NullPointerException done
Event: 0.035 loading class java/lang/ArithmeticException
Event: 0.035 loading class java/lang/ArithmeticException done


Dynamic libraries:
0x00007ff64bb90000 - 0x00007ff64bbc7000 	C:\Program Files\Java\jre1.8.0_191\bin\javaw.exe
0x00007ffdb40d0000 - 0x00007ffdb42c6000 	C:\Windows\SYSTEM32\ntdll.dll
0x00007ffdb35a0000 - 0x00007ffdb365d000 	C:\Windows\System32\KERNEL32.DLL
0x00007ffdb1870000 - 0x00007ffdb1b39000 	C:\Windows\System32\KERNELBASE.dll
0x00007ffdb3c30000 - 0x00007ffdb3cdc000 	C:\Windows\System32\ADVAPI32.dll
0x00007ffdb3660000 - 0x00007ffdb36fe000 	C:\Windows\System32\msvcrt.dll
0x00007ffdb3700000 - 0x00007ffdb379c000 	C:\Windows\System32\sechost.dll
0x00007ffdb3430000 - 0x00007ffdb355b000 	C:\Windows\System32\RPCRT4.dll
0x00007ffdb3ef0000 - 0x00007ffdb4090000 	C:\Windows\System32\USER32.dll
0x00007ffdb1ea0000 - 0x00007ffdb1ec2000 	C:\Windows\System32\win32u.dll
0x00007ffdb2a20000 - 0x00007ffdb2a4a000 	C:\Windows\System32\GDI32.dll
0x00007ffdb1d90000 - 0x00007ffdb1e9b000 	C:\Windows\System32\gdi32full.dll
0x00007ffdb1c70000 - 0x00007ffdb1d0d000 	C:\Windows\System32\msvcp_win.dll
0x00007ffdb2030000 - 0x00007ffdb2130000 	C:\Windows\System32\ucrtbase.dll
0x00007ffda0ad0000 - 0x00007ffda0d6b000 	C:\Windows\WinSxS\amd64_microsoft.windows.common-controls_6595b64144ccf1df_6.0.19041.746_none_ca02b4b61b8320a4\COMCTL32.dll
0x00007ffdb3560000 - 0x00007ffdb3590000 	C:\Windows\System32\IMM32.DLL
0x000000006e8a0000 - 0x000000006e972000 	C:\Program Files\Java\jre1.8.0_191\bin\msvcr100.dll
0x000000006ee30000 - 0x000000006f6d4000 	C:\Program Files\Java\jre1.8.0_191\bin\server\jvm.dll
0x00007ffdb3950000 - 0x00007ffdb3958000 	C:\Windows\System32\PSAPI.DLL
0x00007ffdaf110000 - 0x00007ffdaf119000 	C:\Windows\SYSTEM32\WSOCK32.dll
0x00007ffda2870000 - 0x00007ffda2897000 	C:\Windows\SYSTEM32\WINMM.dll
0x00007ffdb3bc0000 - 0x00007ffdb3c2b000 	C:\Windows\System32\WS2_32.dll
0x00007ffda4cf0000 - 0x00007ffda4cfa000 	C:\Windows\SYSTEM32\VERSION.dll
0x000000006fad0000 - 0x000000006fadf000 	C:\Program Files\Java\jre1.8.0_191\bin\verify.dll
0x000000006faa0000 - 0x000000006fac9000 	C:\Program Files\Java\jre1.8.0_191\bin\java.dll
0x000000006f7e0000 - 0x000000006f7f6000 	C:\Program Files\Java\jre1.8.0_191\bin\zip.dll

VM Arguments:
jvm_args: -Dfile.encoding=UTF-8 
java_command: midterm.JFrame
java_class_path (initial): C:\Users\ADMIN\Desktop\ATBM\atbm-midterm\bin;C:\Users\ADMIN\Desktop\ATBM\atbm-midterm\jgoodies-forms-1.8.0.jar
Launcher Type: SUN_STANDARD

Environment Variables:
JAVA_HOME=C:\Program Files\Java\jdk-11.0.8
PATH=C:/Program Files/Java/jre1.8.0_191/bin/server;C:/Program Files/Java/jre1.8.0_191/bin;C:/Program Files/Java/jre1.8.0_191/lib/amd64;C:\Program Files\Common Files\Oracle\Java\javapath;C:\Program Files\Eclipse Adoptium\jdk-8.0.312.7-hotspot\bin;C:\Program Files\Dell\DW WLAN Card;C:\Program Files\Java\jdk-11.0.8;C:\Program Files\Java\jdk1.8.0_191;C:\Windows\system32;C:\Windows;C:\Windows\System32\Wbem;C:\Windows\System32\WindowsPowerShell\v1.0\;C:\Windows\System32\OpenSSH\;C:\Program Files\Microsoft SQL Server\Client SDK\ODBC\130\Tools\Binn\;C:\Program Files (x86)\Microsoft SQL Server\140\Tools\Binn\;C:\Program Files\Microsoft SQL Server\140\Tools\Binn\;C:\Program Files\Microsoft SQL Server\140\DTS\Binn\;C:\Program Files (x86)\Microsoft SQL Server\100\Tools\Binn\;C:\Program Files\Microsoft SQL Server\100\Tools\Binn\;C:\Program Files\Microsoft SQL Server\100\DTS\Binn\;C:\Program Files (x86)\Microsoft SQL Server\100\Tools\Binn\VSShell\Common7\IDE\;C:\Program Files (x86)\Microsoft SQL Server\100\DTS\Binn\;C:\Program Files\Java\jdk-11.0.8\bin;%JRE_HOME%\bin;C:\apache-maven-3.6.0\bin;C:\Program Files\Git\cmd;C:\ProgramData\chocolatey\bin;C:\Program Files\nodejs\;C:\Users\ADMIN\AppData\Local\Programs\Python\Python39\Scripts\;C:\Users\ADMIN\AppData\Local\Programs\Python\Python39\;C:\Users\ADMIN\AppData\Local\Microsoft\WindowsApps;C:\Users\ADMIN\AppData\Local\GitHubDesktop\bin;C:\Users\ADMIN\AppData\Local\Programs\Microsoft VS Code\bin;C:\Program Files\heroku\bin;C:\Users\ADMIN\AppData\Roaming\npm;E:\Install-Files\installed_eclipse\eclipse;
USERNAME=ADMIN
OS=Windows_NT
PROCESSOR_IDENTIFIER=Intel64 Family 6 Model 58 Stepping 9, GenuineIntel



---------------  S Y S T E M  ---------------

OS: Windows 10.0 , 64 bit Build 19041 (10.0.19041.804)

CPU:total 4 (initial active 4) (2 cores per cpu, 2 threads per core) family 6 model 58 stepping 9, cmov, cx8, fxsr, mmx, sse, sse2, sse3, ssse3, sse4.1, sse4.2, popcnt, avx, aes, clmul, erms, ht, tsc, tscinvbit, tscinv

Memory: 4k page, physical 16679840k(741408k free), swap 31317404k(6040k free)

vm_info: Java HotSpot(TM) 64-Bit Server VM (25.191-b12) for windows-amd64 JRE (1.8.0_191-b12), built on Oct  6 2018 09:29:03 by "java_re" with MS VC++ 10.0 (VS2010)

time: Wed Dec 08 16:34:58 2021
elapsed time: 0 seconds (0d 0h 0m 0s)

